The number of files in r1_files and r2_files is equal. The number of the file is: 12

Now we are going to do the quality control for the fastq files: D-3_L2_UDI023.R1.fastq.gz and D-3_L2_UDI023.R2.fastq.gz.
Read1 before filtering:
total reads: 28569929
total bases: 4285489350
Q20 bases: 4224390236(98.5743%)
Q30 bases: 4100169210(95.6756%)

Read2 before filtering:
total reads: 28569929
total bases: 4285489350
Q20 bases: 4207691847(98.1846%)
Q30 bases: 4061417011(94.7714%)

Read1 after filtering:
total reads: 28419259
total bases: 4255632427
Q20 bases: 4201177604(98.7204%)
Q30 bases: 4082917696(95.9415%)

Read2 after filtering:
total reads: 28419259
total bases: 4255632427
Q20 bases: 4188932475(98.4327%)
Q30 bases: 4050846406(95.1879%)

Filtering result:
reads passed filter: 56838518
reads failed due to low quality: 256690
reads failed due to too many N: 44650
reads failed due to too short: 0
reads with adapter trimmed: 317974
bases trimmed due to adapters: 14523170

Duplication rate: 20.9745%

Insert size peak (evaluated by paired-end reads): 269

JSON report: ./fastp_results/D-3_L2_UDI023.R1.fastq.gz.fastp.json
HTML report: ./fastp_results/D-3_L2_UDI023.R1.fastq.gz.fastp.html

fastp -i D-3_L2_UDI023.R1.fastq.gz -I D-3_L2_UDI023.R2.fastq.gz -o ./fastp_results/D-3_L2_UDI023.R1.fastq.gz.fastp.fastq.gz -O ./fastp_results/D-3_L2_UDI023.R2.fastq.gz.fastp.fastq.gz -h ./fastp_results/D-3_L2_UDI023.R1.fastq.gz.fastp.html -j ./fastp_results/D-3_L2_UDI023.R1.fastq.gz.fastp.json 
fastp v0.23.4, time used: 342 seconds

Now we are going to do the quality control for the fastq files: D-2_L2_UDI022.R1.fastq.gz and D-2_L2_UDI022.R2.fastq.gz.
Read1 before filtering:
total reads: 23401512
total bases: 3510226800
Q20 bases: 3461231961(98.6042%)
Q30 bases: 3360089221(95.7229%)

Read2 before filtering:
total reads: 23401512
total bases: 3510226800
Q20 bases: 3446507858(98.1848%)
Q30 bases: 3325069321(94.7252%)

Read1 after filtering:
total reads: 23283586
total bases: 3486892514
Q20 bases: 3442972219(98.7404%)
Q30 bases: 3346381793(95.9703%)

Read2 after filtering:
total reads: 23283586
total bases: 3486892514
Q20 bases: 3431916246(98.4233%)
Q30 bases: 3316872962(95.124%)

Filtering result:
reads passed filter: 46567172
reads failed due to low quality: 198662
reads failed due to too many N: 37190
reads failed due to too short: 0
reads with adapter trimmed: 236992
bases trimmed due to adapters: 11297966

Duplication rate: 20.8047%

Insert size peak (evaluated by paired-end reads): 269

JSON report: ./fastp_results/D-2_L2_UDI022.R1.fastq.gz.fastp.json
HTML report: ./fastp_results/D-2_L2_UDI022.R1.fastq.gz.fastp.html

fastp -i D-2_L2_UDI022.R1.fastq.gz -I D-2_L2_UDI022.R2.fastq.gz -o ./fastp_results/D-2_L2_UDI022.R1.fastq.gz.fastp.fastq.gz -O ./fastp_results/D-2_L2_UDI022.R2.fastq.gz.fastp.fastq.gz -h ./fastp_results/D-2_L2_UDI022.R1.fastq.gz.fastp.html -j ./fastp_results/D-2_L2_UDI022.R1.fastq.gz.fastp.json 
fastp v0.23.4, time used: 160 seconds

Now we are going to do the quality control for the fastq files: D-1_L2_UDI021.R1.fastq.gz and D-1_L2_UDI021.R2.fastq.gz.
Read1 before filtering:
total reads: 23763391
total bases: 3564508650
Q20 bases: 3515422437(98.6229%)
Q30 bases: 3414767411(95.7991%)

Read2 before filtering:
total reads: 23763391
total bases: 3564508650
Q20 bases: 3497810097(98.1288%)
Q30 bases: 3371787685(94.5933%)

Read1 after filtering:
total reads: 23634520
total bases: 3539463571
Q20 bases: 3495811275(98.7667%)
Q30 bases: 3400060830(96.0615%)

Read2 after filtering:
total reads: 23634520
total bases: 3539463571
Q20 bases: 3482384251(98.3873%)
Q30 bases: 3363358303(95.0245%)

Filtering result:
reads passed filter: 47269040
reads failed due to low quality: 220176
reads failed due to too many N: 37566
reads failed due to too short: 0
reads with adapter trimmed: 240044
bases trimmed due to adapters: 11435966

Duplication rate: 19.2928%

Insert size peak (evaluated by paired-end reads): 269

JSON report: ./fastp_results/D-1_L2_UDI021.R1.fastq.gz.fastp.json
HTML report: ./fastp_results/D-1_L2_UDI021.R1.fastq.gz.fastp.html

fastp -i D-1_L2_UDI021.R1.fastq.gz -I D-1_L2_UDI021.R2.fastq.gz -o ./fastp_results/D-1_L2_UDI021.R1.fastq.gz.fastp.fastq.gz -O ./fastp_results/D-1_L2_UDI021.R2.fastq.gz.fastp.fastq.gz -h ./fastp_results/D-1_L2_UDI021.R1.fastq.gz.fastp.html -j ./fastp_results/D-1_L2_UDI021.R1.fastq.gz.fastp.json 
fastp v0.23.4, time used: 161 seconds

Now we are going to do the quality control for the fastq files: C-3_L2_UDI020.R1.fastq.gz and C-3_L2_UDI020.R2.fastq.gz.
Read1 before filtering:
total reads: 23753986
total bases: 3563097900
Q20 bases: 3507712995(98.4456%)
Q30 bases: 3394144120(95.2582%)

Read2 before filtering:
total reads: 23753986
total bases: 3563097900
Q20 bases: 3489810412(97.9432%)
Q30 bases: 3351424618(94.0593%)

Read1 after filtering:
total reads: 23614241
total bases: 3536545154
Q20 bases: 3486892378(98.596%)
Q30 bases: 3378744538(95.538%)

Read2 after filtering:
total reads: 23614241
total bases: 3536545154
Q20 bases: 3473520281(98.2179%)
Q30 bases: 3342767899(94.5207%)

Filtering result:
reads passed filter: 47228482
reads failed due to low quality: 242846
reads failed due to too many N: 36644
reads failed due to too short: 0
reads with adapter trimmed: 241602
bases trimmed due to adapters: 11190086

Duplication rate: 19.2594%

Insert size peak (evaluated by paired-end reads): 269

JSON report: ./fastp_results/C-3_L2_UDI020.R1.fastq.gz.fastp.json
HTML report: ./fastp_results/C-3_L2_UDI020.R1.fastq.gz.fastp.html

fastp -i C-3_L2_UDI020.R1.fastq.gz -I C-3_L2_UDI020.R2.fastq.gz -o ./fastp_results/C-3_L2_UDI020.R1.fastq.gz.fastp.fastq.gz -O ./fastp_results/C-3_L2_UDI020.R2.fastq.gz.fastp.fastq.gz -h ./fastp_results/C-3_L2_UDI020.R1.fastq.gz.fastp.html -j ./fastp_results/C-3_L2_UDI020.R1.fastq.gz.fastp.json 
fastp v0.23.4, time used: 162 seconds

Now we are going to do the quality control for the fastq files: C-2_L2_UDI019.R1.fastq.gz and C-2_L2_UDI019.R2.fastq.gz.
Read1 before filtering:
total reads: 23038125
total bases: 3455718750
Q20 bases: 3406483284(98.5752%)
Q30 bases: 3305375823(95.6494%)

Read2 before filtering:
total reads: 23038125
total bases: 3455718750
Q20 bases: 3389221238(98.0757%)
Q30 bases: 3263095912(94.426%)

Read1 after filtering:
total reads: 22914726
total bases: 3431542389
Q20 bases: 3387504669(98.7167%)
Q30 bases: 3291106247(95.9075%)

Read2 after filtering:
total reads: 22914726
total bases: 3431542389
Q20 bases: 3374157279(98.3277%)
Q30 bases: 3254708555(94.8468%)

Filtering result:
reads passed filter: 45829452
reads failed due to low quality: 210146
reads failed due to too many N: 36652
reads failed due to too short: 0
reads with adapter trimmed: 241706
bases trimmed due to adapters: 11340012

Duplication rate: 19.7213%

Insert size peak (evaluated by paired-end reads): 269

JSON report: ./fastp_results/C-2_L2_UDI019.R1.fastq.gz.fastp.json
HTML report: ./fastp_results/C-2_L2_UDI019.R1.fastq.gz.fastp.html

fastp -i C-2_L2_UDI019.R1.fastq.gz -I C-2_L2_UDI019.R2.fastq.gz -o ./fastp_results/C-2_L2_UDI019.R1.fastq.gz.fastp.fastq.gz -O ./fastp_results/C-2_L2_UDI019.R2.fastq.gz.fastp.fastq.gz -h ./fastp_results/C-2_L2_UDI019.R1.fastq.gz.fastp.html -j ./fastp_results/C-2_L2_UDI019.R1.fastq.gz.fastp.json 
fastp v0.23.4, time used: 159 seconds

Now we are going to do the quality control for the fastq files: C-1_L2_UDI018.R1.fastq.gz and C-1_L2_UDI018.R2.fastq.gz.
Read1 before filtering:
total reads: 24520793
total bases: 3678118950
Q20 bases: 3623772229(98.5224%)
Q30 bases: 3512964681(95.5098%)

Read2 before filtering:
total reads: 24520793
total bases: 3678118950
Q20 bases: 3603877511(97.9815%)
Q30 bases: 3466507562(94.2467%)

Read1 after filtering:
total reads: 24367116
total bases: 3648714450
Q20 bases: 3600798823(98.6868%)
Q30 bases: 3495932104(95.8127%)

Read2 after filtering:
total reads: 24367116
total bases: 3648714450
Q20 bases: 3586041494(98.2823%)
Q30 bases: 3457053472(94.7472%)

Filtering result:
reads passed filter: 48734232
reads failed due to low quality: 269246
reads failed due to too many N: 38108
reads failed due to too short: 0
reads with adapter trimmed: 282166
bases trimmed due to adapters: 12715912

Duplication rate: 19.4788%

Insert size peak (evaluated by paired-end reads): 269

JSON report: ./fastp_results/C-1_L2_UDI018.R1.fastq.gz.fastp.json
HTML report: ./fastp_results/C-1_L2_UDI018.R1.fastq.gz.fastp.html

fastp -i C-1_L2_UDI018.R1.fastq.gz -I C-1_L2_UDI018.R2.fastq.gz -o ./fastp_results/C-1_L2_UDI018.R1.fastq.gz.fastp.fastq.gz -O ./fastp_results/C-1_L2_UDI018.R2.fastq.gz.fastp.fastq.gz -h ./fastp_results/C-1_L2_UDI018.R1.fastq.gz.fastp.html -j ./fastp_results/C-1_L2_UDI018.R1.fastq.gz.fastp.json 
fastp v0.23.4, time used: 157 seconds

Now we are going to do the quality control for the fastq files: B-3_L2_UDI017.R1.fastq.gz and B-3_L2_UDI017.R2.fastq.gz.
Read1 before filtering:
total reads: 28424189
total bases: 4263628350
Q20 bases: 4201629134(98.5459%)
Q30 bases: 4073624980(95.5436%)

Read2 before filtering:
total reads: 28424189
total bases: 4263628350
Q20 bases: 4181214589(98.0671%)
Q30 bases: 4024076542(94.3815%)

Read1 after filtering:
total reads: 28258539
total bases: 4234229697
Q20 bases: 4178472981(98.6832%)
Q30 bases: 4056419836(95.8007%)

Read2 after filtering:
total reads: 28258539
total bases: 4234229697
Q20 bases: 4163227138(98.3231%)
Q30 bases: 4014640373(94.8139%)

Filtering result:
reads passed filter: 56517078
reads failed due to low quality: 287306
reads failed due to too many N: 43994
reads failed due to too short: 0
reads with adapter trimmed: 186644
bases trimmed due to adapters: 9108852

Duplication rate: 20.2504%

Insert size peak (evaluated by paired-end reads): 269

JSON report: ./fastp_results/B-3_L2_UDI017.R1.fastq.gz.fastp.json
HTML report: ./fastp_results/B-3_L2_UDI017.R1.fastq.gz.fastp.html

fastp -i B-3_L2_UDI017.R1.fastq.gz -I B-3_L2_UDI017.R2.fastq.gz -o ./fastp_results/B-3_L2_UDI017.R1.fastq.gz.fastp.fastq.gz -O ./fastp_results/B-3_L2_UDI017.R2.fastq.gz.fastp.fastq.gz -h ./fastp_results/B-3_L2_UDI017.R1.fastq.gz.fastp.html -j ./fastp_results/B-3_L2_UDI017.R1.fastq.gz.fastp.json 
fastp v0.23.4, time used: 187 seconds

Now we are going to do the quality control for the fastq files: B-2_L2_UDI016.R1.fastq.gz and B-2_L2_UDI016.R2.fastq.gz.
Read1 before filtering:
total reads: 21504567
total bases: 3225685050
Q20 bases: 3179568507(98.5703%)
Q30 bases: 3084737656(95.6305%)

Read2 before filtering:
total reads: 21504567
total bases: 3225685050
Q20 bases: 3167702235(98.2025%)
Q30 bases: 3056992471(94.7703%)

Read1 after filtering:
total reads: 21390354
total bases: 3204905179
Q20 bases: 3163342745(98.7032%)
Q30 bases: 3072771654(95.8771%)

Read2 after filtering:
total reads: 21390354
total bases: 3204905179
Q20 bases: 3154799065(98.4366%)
Q30 bases: 3050019226(95.1672%)

Filtering result:
reads passed filter: 42780708
reads failed due to low quality: 195214
reads failed due to too many N: 33212
reads failed due to too short: 0
reads with adapter trimmed: 150822
bases trimmed due to adapters: 7302450

Duplication rate: 18.2327%

Insert size peak (evaluated by paired-end reads): 269

JSON report: ./fastp_results/B-2_L2_UDI016.R1.fastq.gz.fastp.json
HTML report: ./fastp_results/B-2_L2_UDI016.R1.fastq.gz.fastp.html

fastp -i B-2_L2_UDI016.R1.fastq.gz -I B-2_L2_UDI016.R2.fastq.gz -o ./fastp_results/B-2_L2_UDI016.R1.fastq.gz.fastp.fastq.gz -O ./fastp_results/B-2_L2_UDI016.R2.fastq.gz.fastp.fastq.gz -h ./fastp_results/B-2_L2_UDI016.R1.fastq.gz.fastp.html -j ./fastp_results/B-2_L2_UDI016.R1.fastq.gz.fastp.json 
fastp v0.23.4, time used: 148 seconds

Now we are going to do the quality control for the fastq files: B-1_L2_UDI296.R1.fastq.gz and B-1_L2_UDI296.R2.fastq.gz.
Read1 before filtering:
total reads: 23480601
total bases: 3522090150
Q20 bases: 3470907990(98.5468%)
Q30 bases: 3364545032(95.5269%)

Read2 before filtering:
total reads: 23480601
total bases: 3522090150
Q20 bases: 3454839584(98.0906%)
Q30 bases: 3325356281(94.4143%)

Read1 after filtering:
total reads: 23354979
total bases: 3498886055
Q20 bases: 3452634202(98.6781%)
Q30 bases: 3350955674(95.7721%)

Read2 after filtering:
total reads: 23354979
total bases: 3498886055
Q20 bases: 3440411451(98.3288%)
Q30 bases: 3317503017(94.816%)

Filtering result:
reads passed filter: 46709958
reads failed due to low quality: 213740
reads failed due to too many N: 37504
reads failed due to too short: 0
reads with adapter trimmed: 196836
bases trimmed due to adapters: 8729752

Duplication rate: 20.0753%

Insert size peak (evaluated by paired-end reads): 269

JSON report: ./fastp_results/B-1_L2_UDI296.R1.fastq.gz.fastp.json
HTML report: ./fastp_results/B-1_L2_UDI296.R1.fastq.gz.fastp.html

fastp -i B-1_L2_UDI296.R1.fastq.gz -I B-1_L2_UDI296.R2.fastq.gz -o ./fastp_results/B-1_L2_UDI296.R1.fastq.gz.fastp.fastq.gz -O ./fastp_results/B-1_L2_UDI296.R2.fastq.gz.fastp.fastq.gz -h ./fastp_results/B-1_L2_UDI296.R1.fastq.gz.fastp.html -j ./fastp_results/B-1_L2_UDI296.R1.fastq.gz.fastp.json 
fastp v0.23.4, time used: 160 seconds

Now we are going to do the quality control for the fastq files: A-3_L2_UDI014.R1.fastq.gz and A-3_L2_UDI014.R2.fastq.gz.
Read1 before filtering:
total reads: 22374863
total bases: 3356229450
Q20 bases: 3305808542(98.4977%)
Q30 bases: 3201828646(95.3996%)

Read2 before filtering:
total reads: 22374863
total bases: 3356229450
Q20 bases: 3291652370(98.0759%)
Q30 bases: 3168053705(94.3932%)

Read1 after filtering:
total reads: 22249337
total bases: 3332904837
Q20 bases: 3287444342(98.636%)
Q30 bases: 3188154953(95.6569%)

Read2 after filtering:
total reads: 22249337
total bases: 3332904837
Q20 bases: 3277136109(98.3267%)
Q30 bases: 3160128740(94.8161%)

Filtering result:
reads passed filter: 44498674
reads failed due to low quality: 215272
reads failed due to too many N: 35780
reads failed due to too short: 0
reads with adapter trimmed: 206604
bases trimmed due to adapters: 8998826

Duplication rate: 17.8749%

Insert size peak (evaluated by paired-end reads): 269

JSON report: ./fastp_results/A-3_L2_UDI014.R1.fastq.gz.fastp.json
HTML report: ./fastp_results/A-3_L2_UDI014.R1.fastq.gz.fastp.html

fastp -i A-3_L2_UDI014.R1.fastq.gz -I A-3_L2_UDI014.R2.fastq.gz -o ./fastp_results/A-3_L2_UDI014.R1.fastq.gz.fastp.fastq.gz -O ./fastp_results/A-3_L2_UDI014.R2.fastq.gz.fastp.fastq.gz -h ./fastp_results/A-3_L2_UDI014.R1.fastq.gz.fastp.html -j ./fastp_results/A-3_L2_UDI014.R1.fastq.gz.fastp.json 
fastp v0.23.4, time used: 142 seconds

Now we are going to do the quality control for the fastq files: A-2_L2_UDI013.R1.fastq.gz and A-2_L2_UDI013.R2.fastq.gz.
Read1 before filtering:
total reads: 24918206
total bases: 3737730900
Q20 bases: 3685115459(98.5923%)
Q30 bases: 3576565319(95.6881%)

Read2 before filtering:
total reads: 24918206
total bases: 3737730900
Q20 bases: 3663426148(98.012%)
Q30 bases: 3523167458(94.2595%)

Read1 after filtering:
total reads: 24767861
total bases: 3710872525
Q20 bases: 3664002149(98.7369%)
Q30 bases: 3560789987(95.9556%)

Read2 after filtering:
total reads: 24767861
total bases: 3710872525
Q20 bases: 3647192870(98.284%)
Q30 bases: 3514691960(94.7134%)

Filtering result:
reads passed filter: 49535722
reads failed due to low quality: 261614
reads failed due to too many N: 39076
reads failed due to too short: 0
reads with adapter trimmed: 178806
bases trimmed due to adapters: 8620212

Duplication rate: 19.4285%

Insert size peak (evaluated by paired-end reads): 269

JSON report: ./fastp_results/A-2_L2_UDI013.R1.fastq.gz.fastp.json
HTML report: ./fastp_results/A-2_L2_UDI013.R1.fastq.gz.fastp.html

fastp -i A-2_L2_UDI013.R1.fastq.gz -I A-2_L2_UDI013.R2.fastq.gz -o ./fastp_results/A-2_L2_UDI013.R1.fastq.gz.fastp.fastq.gz -O ./fastp_results/A-2_L2_UDI013.R2.fastq.gz.fastp.fastq.gz -h ./fastp_results/A-2_L2_UDI013.R1.fastq.gz.fastp.html -j ./fastp_results/A-2_L2_UDI013.R1.fastq.gz.fastp.json 
fastp v0.23.4, time used: 163 seconds

Now we are going to do the quality control for the fastq files: A-1_L2_UDI012.R1.fastq.gz and A-1_L2_UDI012.R2.fastq.gz.
Read1 before filtering:
total reads: 23672282
total bases: 3550842300
Q20 bases: 3498083385(98.5142%)
Q30 bases: 3389403434(95.4535%)

Read2 before filtering:
total reads: 23672282
total bases: 3550842300
Q20 bases: 3480297978(98.0133%)
Q30 bases: 3346046139(94.2325%)

Read1 after filtering:
total reads: 23532472
total bases: 3525521998
Q20 bases: 3478143428(98.6561%)
Q30 bases: 3374551862(95.7178%)

Read2 after filtering:
total reads: 23532472
total bases: 3525521998
Q20 bases: 3464746699(98.2761%)
Q30 bases: 3337780450(94.6748%)

Filtering result:
reads passed filter: 47064944
reads failed due to low quality: 241918
reads failed due to too many N: 37702
reads failed due to too short: 0
reads with adapter trimmed: 191872
bases trimmed due to adapters: 8702436

Duplication rate: 18.9049%

Insert size peak (evaluated by paired-end reads): 269

JSON report: ./fastp_results/A-1_L2_UDI012.R1.fastq.gz.fastp.json
HTML report: ./fastp_results/A-1_L2_UDI012.R1.fastq.gz.fastp.html

fastp -i A-1_L2_UDI012.R1.fastq.gz -I A-1_L2_UDI012.R2.fastq.gz -o ./fastp_results/A-1_L2_UDI012.R1.fastq.gz.fastp.fastq.gz -O ./fastp_results/A-1_L2_UDI012.R2.fastq.gz.fastp.fastq.gz -h ./fastp_results/A-1_L2_UDI012.R1.fastq.gz.fastp.html -j ./fastp_results/A-1_L2_UDI012.R1.fastq.gz.fastp.json 
fastp v0.23.4, time used: 151 seconds

Now we are going to do the quality control for the fastq files: D-3_L2_UDI023.R1.fastq.gz and D-3_L2_UDI023.R2.fastq.gz.
Read1 before filtering:
total reads: 28569929
total bases: 4285489350
Q20 bases: 4224390236(98.5743%)
Q30 bases: 4100169210(95.6756%)

Read2 before filtering:
total reads: 28569929
total bases: 4285489350
Q20 bases: 4207691847(98.1846%)
Q30 bases: 4061417011(94.7714%)

Read1 after filtering:
total reads: 28419259
total bases: 4255632427
Q20 bases: 4201177604(98.7204%)
Q30 bases: 4082917696(95.9415%)

Read2 after filtering:
total reads: 28419259
total bases: 4255632427
Q20 bases: 4188932475(98.4327%)
Q30 bases: 4050846406(95.1879%)

Filtering result:
reads passed filter: 56838518
reads failed due to low quality: 256690
reads failed due to too many N: 44650
reads failed due to too short: 0
reads with adapter trimmed: 317974
bases trimmed due to adapters: 14523170

Duplication rate: 20.9745%

Insert size peak (evaluated by paired-end reads): 269

JSON report: ./fastp_results/D-3_L2_UDI023.R1.fastq.gz.fastp.json
HTML report: ./fastp_results/D-3_L2_UDI023.R1.fastq.gz.fastp.html

fastp -i D-3_L2_UDI023.R1.fastq.gz -I D-3_L2_UDI023.R2.fastq.gz -o ./fastp_results/D-3_L2_UDI023.R1.fastq.gz.fastp.fastq.gz -O ./fastp_results/D-3_L2_UDI023.R2.fastq.gz.fastp.fastq.gz -h ./fastp_results/D-3_L2_UDI023.R1.fastq.gz.fastp.html -j ./fastp_results/D-3_L2_UDI023.R1.fastq.gz.fastp.json 
fastp v0.23.4, time used: 193 seconds

The quality control for the fastq files is done. You can see the results in the /data3/lwd/zzz/DATA/RAW_DATA/fastp_results folder.


Now we are going to align fastq files: D-3_L2_UDI023.R1.fastp.fastq.gz and D-3_L2_UDI023.R2.fastp.fastq.gz.

EXITING because of FATAL ERROR: could not create output file: ./aligment/D-3_L2_UDI023.R1.fastp.fastq.gzLog.out
Check if the path ./aligment/D-3_L2_UDI023.R1.fastp.fastq.gz exists and you have permissions to write there

Mar 07 21:17:32 ...... FATAL ERROR, exiting

Now we are going to align fastq files: D-2_L2_UDI022.R1.fastp.fastq.gz and D-2_L2_UDI022.R2.fastp.fastq.gz.

EXITING because of FATAL ERROR: could not create output file: ./aligment/D-2_L2_UDI022.R1.fastp.fastq.gzLog.out
Check if the path ./aligment/D-2_L2_UDI022.R1.fastp.fastq.gz exists and you have permissions to write there

Mar 07 21:17:32 ...... FATAL ERROR, exiting

Now we are going to align fastq files: D-1_L2_UDI021.R1.fastp.fastq.gz and D-1_L2_UDI021.R2.fastp.fastq.gz.

EXITING because of FATAL ERROR: could not create output file: ./aligment/D-1_L2_UDI021.R1.fastp.fastq.gzLog.out
Check if the path ./aligment/D-1_L2_UDI021.R1.fastp.fastq.gz exists and you have permissions to write there

Mar 07 21:17:32 ...... FATAL ERROR, exiting

Now we are going to align fastq files: C-3_L2_UDI020.R1.fastp.fastq.gz and C-3_L2_UDI020.R2.fastp.fastq.gz.

EXITING because of FATAL ERROR: could not create output file: ./aligment/C-3_L2_UDI020.R1.fastp.fastq.gzLog.out
Check if the path ./aligment/C-3_L2_UDI020.R1.fastp.fastq.gz exists and you have permissions to write there

Mar 07 21:17:32 ...... FATAL ERROR, exiting

Now we are going to align fastq files: C-2_L2_UDI019.R1.fastp.fastq.gz and C-2_L2_UDI019.R2.fastp.fastq.gz.

EXITING because of FATAL ERROR: could not create output file: ./aligment/C-2_L2_UDI019.R1.fastp.fastq.gzLog.out
Check if the path ./aligment/C-2_L2_UDI019.R1.fastp.fastq.gz exists and you have permissions to write there

Mar 07 21:17:32 ...... FATAL ERROR, exiting

Now we are going to align fastq files: C-1_L2_UDI018.R1.fastp.fastq.gz and C-1_L2_UDI018.R2.fastp.fastq.gz.

EXITING because of FATAL ERROR: could not create output file: ./aligment/C-1_L2_UDI018.R1.fastp.fastq.gzLog.out
Check if the path ./aligment/C-1_L2_UDI018.R1.fastp.fastq.gz exists and you have permissions to write there

Mar 07 21:17:32 ...... FATAL ERROR, exiting

Now we are going to align fastq files: B-3_L2_UDI017.R1.fastp.fastq.gz and B-3_L2_UDI017.R2.fastp.fastq.gz.

EXITING because of FATAL ERROR: could not create output file: ./aligment/B-3_L2_UDI017.R1.fastp.fastq.gzLog.out
Check if the path ./aligment/B-3_L2_UDI017.R1.fastp.fastq.gz exists and you have permissions to write there

Mar 07 21:17:32 ...... FATAL ERROR, exiting

Now we are going to align fastq files: B-2_L2_UDI016.R1.fastp.fastq.gz and B-2_L2_UDI016.R2.fastp.fastq.gz.

EXITING because of FATAL ERROR: could not create output file: ./aligment/B-2_L2_UDI016.R1.fastp.fastq.gzLog.out
Check if the path ./aligment/B-2_L2_UDI016.R1.fastp.fastq.gz exists and you have permissions to write there

Mar 07 21:17:32 ...... FATAL ERROR, exiting

Now we are going to align fastq files: B-1_L2_UDI296.R1.fastp.fastq.gz and B-1_L2_UDI296.R2.fastp.fastq.gz.

EXITING because of FATAL ERROR: could not create output file: ./aligment/B-1_L2_UDI296.R1.fastp.fastq.gzLog.out
Check if the path ./aligment/B-1_L2_UDI296.R1.fastp.fastq.gz exists and you have permissions to write there

Mar 07 21:17:32 ...... FATAL ERROR, exiting

Now we are going to align fastq files: A-3_L2_UDI014.R1.fastp.fastq.gz and A-3_L2_UDI014.R2.fastp.fastq.gz.

EXITING because of FATAL ERROR: could not create output file: ./aligment/A-3_L2_UDI014.R1.fastp.fastq.gzLog.out
Check if the path ./aligment/A-3_L2_UDI014.R1.fastp.fastq.gz exists and you have permissions to write there

Mar 07 21:17:32 ...... FATAL ERROR, exiting

Now we are going to align fastq files: A-2_L2_UDI013.R1.fastp.fastq.gz and A-2_L2_UDI013.R2.fastp.fastq.gz.

EXITING because of FATAL ERROR: could not create output file: ./aligment/A-2_L2_UDI013.R1.fastp.fastq.gzLog.out
Check if the path ./aligment/A-2_L2_UDI013.R1.fastp.fastq.gz exists and you have permissions to write there

Mar 07 21:17:32 ...... FATAL ERROR, exiting

Now we are going to align fastq files: A-1_L2_UDI012.R1.fastp.fastq.gz and A-1_L2_UDI012.R2.fastp.fastq.gz.

EXITING because of FATAL ERROR: could not create output file: ./aligment/A-1_L2_UDI012.R1.fastp.fastq.gzLog.out
Check if the path ./aligment/A-1_L2_UDI012.R1.fastp.fastq.gz exists and you have permissions to write there

Mar 07 21:17:32 ...... FATAL ERROR, exiting

Now we are going to align fastq files: D-3_L2_UDI023.R1.fastp.fastq.gz and D-3_L2_UDI023.R2.fastp.fastq.gz.
mkdir: 无法创建目录"./alignment/D-3_L2_UDI023.R1.fastp.fastq.gz": 文件已存在

EXITING because of FATAL ERROR: could not create output file: ./aligment/D-3_L2_UDI023.R1.fastp.fastq.gzLog.out
Check if the path ./aligment/D-3_L2_UDI023.R1.fastp.fastq.gz exists and you have permissions to write there

Mar 07 21:17:32 ...... FATAL ERROR, exiting
The alignment for the fastq files is done. You can see the results in the /data3/lwd/zzz/DATA/RAW_DATA/fastp_results/alignment folder.

